Building DAG of jobs...
Deleting 1-simple/sim.gaf
Deleting 2-DRB1-3123/sim.gaf
Deleting 3-E3133/sim.gaf
Deleting 4-A3105/sim.gaf
Deleting 5-B3106/sim.gaf
Deleting 6-DRB5-3127/sim.gaf
Deleting 7-MICB-4277/sim.gaf
Deleting 8-C3107/sim.gaf
Deleting 9-G-3135/sim.gaf
Deleting 10-F-3134/sim.gaf
Deleting 1-simple/sim.gam
Deleting 1-simple/reads.fa
Deleting 1-simple/sorted_graph.gfa
Deleting 1-simple/sorted_graph.idx
Deleting 2-DRB1-3123/sim.gam
Deleting 2-DRB1-3123/reads.fa
Deleting 2-DRB1-3123/sorted_graph.gfa
Deleting 2-DRB1-3123/sorted_graph.idx
Deleting 3-E3133/sim.gam
Deleting 3-E3133/reads.fa
Deleting 3-E3133/sorted_graph.gfa
Deleting 3-E3133/sorted_graph.idx
Deleting 4-A3105/sim.gam
Deleting 4-A3105/reads.fa
Deleting 4-A3105/sorted_graph.gfa
Deleting 4-A3105/sorted_graph.idx
Deleting 5-B3106/sim.gam
Deleting 5-B3106/reads.fa
Deleting 5-B3106/sorted_graph.gfa
Deleting 5-B3106/sorted_graph.idx
Deleting 6-DRB5-3127/sim.gam
Deleting 6-DRB5-3127/reads.fa
Deleting 6-DRB5-3127/sorted_graph.gfa
Deleting 6-DRB5-3127/sorted_graph.idx
Deleting 7-MICB-4277/sim.gam
Deleting 7-MICB-4277/reads.fa
Deleting 7-MICB-4277/sorted_graph.gfa
Deleting 8-C3107/sim.gam
Deleting 8-C3107/reads.fa
Deleting 8-C3107/sorted_graph.gfa
Deleting 8-C3107/sorted_graph.idx
Deleting 9-G-3135/sim.gam
Deleting 9-G-3135/reads.fa
Deleting 9-G-3135/sorted_graph.gfa
Deleting 9-G-3135/sorted_graph.idx
Deleting 10-F-3134/sim.gam
Deleting 10-F-3134/reads.fa
Deleting 10-F-3134/sorted_graph.gfa
Deleting 10-F-3134/sorted_graph.idx
